     diagonalizing the dynamical matrix ...

 q =       0.0000      0.0000      0.0000
 **************************************************************************
     freq (    1) =      -0.000000 [THz] =      -0.000006 [cm-1]
 (  0.028451   0.000000     0.011260   0.000000    -0.352227   0.000000   )
 (  0.028451   0.000000     0.011260   0.000000    -0.352227   0.000000   )
 (  0.028451   0.000000     0.011260   0.000000    -0.352227   0.000000   )
 (  0.028451   0.000000     0.011260   0.000000    -0.352227   0.000000   )
 (  0.028451   0.000000     0.011260   0.000000    -0.352227   0.000000   )
 (  0.028451   0.000000     0.011260   0.000000    -0.352227   0.000000   )
 (  0.028451   0.000000     0.011260   0.000000    -0.352227   0.000000   )
 (  0.028451   0.000000     0.011260   0.000000    -0.352227   0.000000   )
     freq (    2) =       0.000000 [THz] =       0.000002 [cm-1]
 ( -0.102558   0.000000     0.338342   0.000000     0.002533   0.000000   )
 ( -0.102558   0.000000     0.338342   0.000000     0.002533   0.000000   )
 ( -0.102558   0.000000     0.338342   0.000000     0.002533   0.000000   )
 ( -0.102558   0.000000     0.338342   0.
     Polarizability (A^3 units)
     multiply by 0.170778 for Clausius-Mossotti correction
       134.046520    0.000000    0.000000
         0.000000  134.046520    0.000000
         0.000000    0.000000  491.281932

     IR activities are in (D/A)^2/amu units
     Raman activities are in A^4/amu units
     multiply Raman by 0.029165 for Clausius-Mossotti correction

# mode   [cm-1]    [THz]      IR          Raman   depol.fact
    1     -0.00   -0.0000    0.0000      8239.7705    0.2569
    2      0.00    0.0000    0.0000        11.7055    0.7254
    3      0.00    0.0000    0.0000        72.9501    0.3137
    4     15.61    0.4678    0.0015        13.4956    0.7500
    5     15.61    0.4678    0.0015        13.4956    0.7500
    6     27.15    0.8139    0.0031     20932.4455    0.4396
    7     36.68    1.0998    0.0000        74.9581    0.7500
    8     36.68    1.0998    0.0000        74.9581    0.7500
    9     48.12    1.4426    0.0020        27.9593    0.7500
   10     48.12    1.4426    0.0020        27.9593    0.7500
   11    109.08    3.2700    0.0009     97498.5424    0.2618
   12    116.35    3.4882    0.0533     90862.7250    0.5115
   13    176.62    5.2951    0.3968       191.7609    0.7500
   14    176.62    5.2951    0.3968       191.7609    0.7500
   15    177.89    5.3329    1.6795      1502.3407    0.7500
   16    177.89    5.3329    1.6795      1502.3407    0.7500
   17    180.55    5.4128    5.1223        20.4068    0.7500
   18    180.55    5.4128    5.1223        20.4068    0.7500
   19    189.94    5.6944    4.1754       230.9131    0.7500
   20    189.94    5.6944    4.1754       230.9131    0.7500
   21    199.36    5.9768    2.0973    281680.5822    0.2751
   22    206.47    6.1897    0.0000    327690.1555    0.1926
   23    232.27    6.9632    0.0036    733115.4627    0.3307
   24    259.11    7.7679    0.0554   4617662.9701    0.2682
 
     DYNMAT       :      0.01s CPU      0.42s WALL

 
   This run was terminated on:  10:11:16   8May2025            

=------------------------------------------------------------------------------=
   JOB DONE.
=------------------------------------------------------------------------------=
0.000000   )
 (  0.029280   0.000000     0.391479   0.000000     0.000000   0.000000   )
 (  0.026353   0.000000     0.352339   0.000000     0.000000   0.000000   )
     freq (    6) =       0.813899 [THz] =      27.148738 [cm-1]
 (  0.000000   0.000000    -0.000000   0.000000     0.335979   0.000000   )
 (  0.000000   0.000000    -0.000000   0.000000     0.334342   0.000000   )
 (  0.000000   0.000000     0.000000   0.000000    -0.379221   0.000000   )
 (  0.000000   0.000000    -0.000000   0.000000     0.328932   0.000000   )
 ( -0.000000   0.000000    -0.000000   0.000000     0.324185   0.000000   )
 ( -0.000000   0.000000     0.000000   0.000000    -0.368985   0.000000   )
 (  0.000000   0.000000     0.000000   0.000000    -0.377798   0.000000   )
 ( -0.000000   0.000000     0.000000   0.000000    -0.373298   0.000000   )
     freq (    7) =       1.099750 [THz] =      36.683714 [cm-1]
 (  0.212586   0.000000     0.452162   0.000000    -0.000000   0.000000   )
 ( -0.222612   0.000000    -0.473488   0.000000    -0.000000   0.000000   )
 (  0.021044   0.000000     0.044760   0.000000     0.000000   0.000000   )
 (  0.201895   0.000000     0.429422   0.000000    -0.000000   0.000000   )
 ( -0.210200   0.000000    -0.447087   0.000000    -0.000000   0.000000   )
 ( -0.015085   0.000000    -0.032085   0.000000     0.000000   0.000000   )
 (  0.020807   0.000000     0.044256   0.000000     0.000000   0.000000   )
 ( -0.015219   0.000000    -0.032370   0.000000     0.000000   0.000000   )
     freq (    8) =       1.099750 [THz] =      36.683714 [cm-1]
 ( -0.452162   0.000000     0.212586   0.000000     0.000000   0.000000   )
 (  0.473488   0.000000    -0.222612   0.000000     0.000000   0.000000   )
 ( -0.044760   0.000000     0.021044   0.000000    -0.000000   0.000000   )
 ( -0.429422   0.000000     0.201895   0.000000     0.000000   0.000000   )
 (  0.447087   0.000000    -0.210200   0.000000     0.000000   0.000000   )
 (  0.032085   0.000000    -0.015085   0.000000    -0.000000   0.000000   )
 ( -0.044256   0.000000     0.020807   0.000000    -0.000000   0.000000   )
 (  0.032370   0.000000    -0.015219   0.000000    -0.000000   0.000000   )
     freq (    9) =       1.442613 [THz] =      48.120399 [cm-1]
 ( -0.018411   0.000000     0.015652   0.000000    -0.000000   0.000000   )
 (  0.040969   0.000000    -0.034830   0.000000    -0.000000   0.000000   )
 (  0.320844   0.000000    -0.272774   0.000000    -0.000000   0.000000   )
 ( -0.013572   0.000000     0.011538   0.000000    -0.000000   0.000000   )
 (  0.032803   0.000000    -0.027889   0.000000    -0.000000   0.000000   )
 ( -0.430122   0.000000     0.365678   0.000000     0.000000   0.000000   )
 (  0.303549   0.000000    -0.258070   0.000000    -0.000000   0.000000   )
 ( -0.443944   0.000000     0.377430   0.000000     0.000000   0.000000   )
     freq (   10) =       1.442613 [THz] =      48.120399 [cm-1]
 ( -0.015652   0.000000    -0.018411   0.000000    -0.000000   0.000000   )
 (  0.034830   0.000000     0.040969   0.000000    -0.000000   0.000000   )
 (  0.272774   0.000000     0.320844   0.000000     0.000000   0.000000   )
 ( -0.011538   0.000000    -0.013572   0.000000    -0.000000   0.000000   )
 (  0.027889   0.000000     0.032803   0.000000    -0.000000   0.000000   )
 ( -0.365678   0.000000    -0.430122   0.000000     0.000000   0.000000   )
 (  0.258070   0.000000     0.303549   0.000000     0.000000   0.000000   )
 ( -0.377430   0.000000    -0.443944   0.000000     0.000000   0.000000   )
     freq (   11) =       3.269988 [THz] =     109.075071 [cm-1]
 (  0.000000   0.000000    -0.000000   0.000000     0.336692   0.000000   )
 (  0.000000   0.000000    -0.000000   0.000000    -0.338748   0.000000   )
 ( -0.000000   0.000000    -0.000000   0.000000     0.068632   0.000000   )
 (  0.000000   0.000000    -0.000000   0.000000     0.598410   0.000000   )
 ( -0.000000   0.000000    -0.000000   0.000000    -0.597845   0.000000   )
 ( -0.000000   0.000000     0.000000   0.000000    -0.167131   0.000000   )
 (  0.000000   0.000000    -0.000000   0.000000     0.135111   0.000000   )
 ( -0.000000   0.000000     0.000000   0.000000    -0.074014   0.000000   )
     freq (   12) =       3.488209 [THz] =     116.354114 [cm-1]
 (  0.000000   0.000000     0.000000   0.000000     0.074202   0.000000   )
 ( -0.000000   0.000000     0.000000   0.000000    -0.080553   0.000000   )
 ( -0.000000   0.000000    -0.000000   0.000000    -0.272162   0.000000   )
 ( -0.000000   0.000000     0.000000   0.000000     0.133422   0.000000   )
 (  0.000000   0.000000    -0.000000   0.000000    -0.136409   0.000000   )
 (  0.000000   0.000000    -0.000000   0.000000     0.688544   0.000000   )
 ( -0.000000   0.000000    -0.000000   0.000000    -0.554346   0.000000   )
 (  0.000000   0.000000     0.000000   0.000000     0.310052   0.000000   )
     freq (   13) =       5.295052 [THz] =     176.623927 [cm-1]
 (  0.252693   0.000000     0.248378   0.000000    -0.000000   0.000000   )
 ( -0.228702   0.000000    -0.224796   0.000000    -0.000000   0.000000   )
 (  0.185808   0.000000     0.182635   0.000000     0.000000   0.000000   )
 ( -0.385851   0.000000    -0.379262   0.000000     0.000000   0.000000   )
 (  0.353041   0.000000     0.347012   0.000000     0.000000   0.000000   )
 (  0.064790   0.000000     0.063683   0.000000     0.000000   0.000000   )
 ( -0.274093   0.000000    -0.269413   0.000000     0.000000   0.000000   )
 ( -0.071303   0.000000    -0.070086   0.000000     0.000000   0.000000   )
     freq (   14) =       5.295052 [THz] =     176.623927 [cm-1]
 ( -0.248378   0.000000     0.252693   0.000000    -0.000000   0.000000   )
 (  0.224796   0.000000    -0.228702   0.000000    -0.000000   0.000000   )
 ( -0.182635   0.000000     0.185808   0.000000    -0.000000   0.000000   )
 (  0.379262   0.000000    -0.385851   0.000000     0.000000   0.000000   )
 ( -0.347012   0.000000     0.353041   0.000000     0.000000   0.000000   )
 ( -0.063683   0.000000     0.064790   0.000000     0.000000   0.000000   )
 (  0.269413   0.000000    -0.274093   0.000000     0.000000   0.000000   )
 (  0.070086   0.000000    -0.071303   0.000000    -0.000000   0.000000   )
     freq (   15) =       5.332914 [THz] =     177.886863 [cm-1]
 ( -0.136021   0.000000     0.057198   0.000000     0.000000   0.000000   )
 (  0.205763   0.000000    -0.086526   0.000000     0.000000   0.000000   )
 (  0.435135   0.000000    -0.182980   0.000000     0.000000   0.000000   )
 (  0.213055   0.000000    -0.089592   0.000000    -0.000000   0.000000   )
 ( -0.314980   0.000000     0.132453   0.000000    -0.000000   0.000000   )
 (  0.123153   0.000000    -0.051787   0.000000     0.000000   0.000000   )
 ( -0.652936   0.000000     0.274567   0.000000    -0.000000   0.000000   )
 ( -0.116021   0.000000     0.048788   0.000000     0.000000   0.000000   )
     freq (   16) =       5.332914 [THz] =     177.886863 [cm-1]
 (  0.057198   0.000000     0.136021   0.000000     0.000000   0.000000   )
 ( -0.086526   0.000000    -0.205763   0.000000     0.000000   0.000000   )
 ( -0.182980   0.000000    -0.435135   0.000000    -0.000000   0.000000   )
 ( -0.089592   0.000000    -0.213055   0.000000    -0.000000   0.000000   )
 (  0.132453   0.000000     0.314980   0.000000    -0.000000   0.000000   )
 ( -0.051787   0.000000    -0.123153   0.000000    -0.000000   0.000000   )
 (  0.274567   0.000000     0.652936   0.000000    -0.000000   0.000000   )
 (  0.048788   0.000000     0.116021   0.000000    -0.000000   0.000000   )
     freq (   17) =       5.412806 [THz] =     180.551772 [cm-1]
 ( -0.239543   0.000000    -0.319158   0.000000    -0.000000   0.000000   )
 ( -0.233142   0.000000    -0.310630   0.000000     0.000000   0.000000   )
 (  0.028308   0.000000     0.037716   0.000000    -0.000000   0.000000   )
 (  0.352663   0.000000     0.469876   0.000000     0.000000   0.000000   )
 (  0.345207   0.000000     0.459941   0.000000     0.000000   0.000000   )
 (  0.027182   0.000000     0.036216   0.000000    -0.000000   0.000000   )
 ( -0.047614   0.000000    -0.063439   0.000000    -0.000000   0.000000   )
 ( -0.035398   0.000000    -0.047162   0.000000     0.000000   0.000000   )
     freq (   18) =       5.412806 [THz] =     180.551772 [cm-1]
 (  0.319158   0.000000    -0.239543   0.000000    -0.000000   0.000000   )
 (  0.310630   0.000000    -0.233142   0.000000    -0.000000   0.000000   )
 ( -0.037716   0.000000     0.028308   0.000000    -0.000000   0.000000   )
 ( -0.469876   0.000000     0.352663   0.000000     0.000000   0.000000   )
 ( -0.459941   0.000000     0.345207   0.000000     0.000000   0.000000   )
 ( -0.036216   0.000000     0.027182   0.000000     0.000000   0.000000   )
 (  0.063439   0.000000    -0.047614   0.000000     0.000000   0.000000   )
 (  0.047162   0.000000    -0.035398   0.000000    -0.000000   0.000000   )
     freq (   19) =       5.694385 [THz] =     189.944237 [cm-1]
 (  0.004860   0.000000    -0.004794   0.000000     0.000000   0.000000   )
 (  0.017802   0.000000    -0.017563   0.000000    -0.000000   0.000000   )
 ( -0.078958   0.000000     0.077898   0.000000     0.000000   0.000000   )
 ( -0.007871   0.000000     0.007766   0.000000    -0.000000   0.000000   )
 ( -0.028602   0.000000     0.028219   0.000000    -0.000000   0.000000   )
 (  0.466134   0.000000    -0.459878   0.000000    -0.000000   0.000000   )
 (  0.110810   0.000000    -0.109323   0.000000    -0.000000   0.000000   )
 ( -0.519366   0.000000     0.512395   0.000000    -0.000000   0.000000   )
     freq (   20) =       5.694385 [THz] =     189.944237 [cm-1]
 ( -0.004794   0.000000    -0.004860   0.000000     0.000000   0.000000   )
 ( -0.017563   0.000000    -0.017802   0.000000    -0.000000   0.000000   )
 (  0.077898   0.000000     0.078958   0.000000    -0.000000   0.000000   )
 (  0.007766   0.000000     0.007871   0.000000    -0.000000   0.000000   )
 (  0.028219   0.000000     0.028602   0.000000    -0.000000   0.000000   )
 ( -0.459878   0.000000    -0.466134   0.000000     0.000000   0.000000   )
 ( -0.109323   0.000000    -0.110810   0.000000     0.000000   0.000000   )
 (  0.512395   0.000000     0.519366   0.000000    -0.000000   0.000000   )
     freq (   21) =       5.976765 [THz] =     199.363423 [cm-1]
 ( -0.000000   0.000000     0.000000   0.000000    -0.331310   0.000000   )
 (  0.000000   0.000000    -0.000000   0.000000    -0.326232   0.000000   )
 (  0.000000   0.000000    -0.000000   0.000000    -0.283126   0.000000   )
 (  0.000000   0.000000    -0.000000   0.000000     0.484372   0.000000   )
 ( -0.000000   0.000000     0.000000   0.000000     0.481070   0.000000   )
 (  0.000000   0.000000    -0.000000   0.000000     0.223195   0.000000   )
 ( -0.000000   0.000000     0.000000   0.000000     0.373398   0.000000   )
 ( -0.000000   0.000000     0.000000   0.000000    -0.219907   0.000000   )
     freq (   22) =       6.189719 [THz] =     206.466803 [cm-1]
 ( -0.000000   0.000000     0.000000   0.000000    -0.222543   0.000000   )
 ( -0.000000   0.000000    -0.000000   0.000000    -0.211631   0.000000   )
 (  0.000000   0.000000    -0.000000   0.000000     0.424338   0.000000   )
 (  0.000000   0.000000    -0.000000   0.000000     0.323723   0.000000   )
 (  0.000000   0.000000     0.000000   0.000000     0.319020   0.000000   )
 ( -0.000000   0.000000    -0.000000   0.000000    -0.331035   0.000000   )
 ( -0.000000   0.000000     0.000000   0.000000    -0.564122   0.000000   )
 (  0.000000   0.000000     0.000000   0.000000     0.302053   0.000000   )
     freq (   23) =       6.963209 [THz] =     232.267648 [cm-1]
 ( -0.000000   0.000000     0.000000   0.000000     0.542700   0.000000   )
 (  0.000000   0.000000     0.000000   0.000000    -0.549747   0.000000   )
 (  0.000000   0.000000    -0.000000   0.000000    -0.002370   0.000000   )
 (  0.000000   0.000000    -0.000000   0.000000    -0.443064   0.000000   )
 ( -0.000000   0.000000    -0.000000   0.000000     0.454650   0.000000   )
 (  0.000000   0.000000     0.000000   0.000000    -0.008962   0.000000   )
 ( -0.000000   0.000000     0.000000   0.000000     0.000021   0.000000   )
 ( -0.000000   0.000000    -0.000000   0.000000     0.012512   0.000000   )
     freq (   24) =       7.767911 [THz] =     259.109623 [cm-1]
 ( -0.000000   0.000000     0.000000   0.000000    -0.010321   0.000000   )
 (  0.000000   0.000000    -0.000000   0.000000     0.001364   0.000000   )
 ( -0.000000   0.000000     0.000000   0.000000    -0.379067   0.000000   )
 (  0.000000   0.000000    -0.000000   0.000000     0.011180   0.000000   )
 ( -0.000000   0.000000     0.000000   0.000000     0.000978   0.000000   )
 (  0.000000   0.000000    -0.000000   0.000000    -0.377563   0.000000   )
 (  0.000000   0.000000    -0.000000   0.000000     0.206354   0.000000   )
 ( -0.000000   0.000000     0.000000   0.000000     0.819108   0.000000   )
 **************************************************************************
